Determining if the Q_WS_WIN exist failed with the following output:
Change Dir: /home/mathieu/Documents/Fac/TP/Synthese_Image/build-FSI_SplinePatch-Desktop-Default/CMakeFiles/CMakeTmp

Run Build Command:/usr/bin/make "cmTryCompileExec1666464799/fast"
/usr/bin/make -f CMakeFiles/cmTryCompileExec1666464799.dir/build.make CMakeFiles/cmTryCompileExec1666464799.dir/build
make[1]: entrant dans le répertoire « /home/mathieu/Documents/Fac/TP/Synthese_Image/build-FSI_SplinePatch-Desktop-Default/CMakeFiles/CMakeTmp »
/usr/bin/cmake -E cmake_progress_report /home/mathieu/Documents/Fac/TP/Synthese_Image/build-FSI_SplinePatch-Desktop-Default/CMakeFiles/CMakeTmp/CMakeFiles 1
Building CXX object CMakeFiles/cmTryCompileExec1666464799.dir/CheckSymbolExists.cxx.o
/usr/bin/c++    -g -Wall -ansi -fPIC  -I/usr/include/qt4    -o CMakeFiles/cmTryCompileExec1666464799.dir/CheckSymbolExists.cxx.o -c /home/mathieu/Documents/Fac/TP/Synthese_Image/build-FSI_SplinePatch-Desktop-Default/CMakeFiles/CMakeTmp/CheckSymbolExists.cxx
/home/mathieu/Documents/Fac/TP/Synthese_Image/build-FSI_SplinePatch-Desktop-Default/CMakeFiles/CMakeTmp/CheckSymbolExists.cxx: In function ‘int main(int, char**)’:
/home/mathieu/Documents/Fac/TP/Synthese_Image/build-FSI_SplinePatch-Desktop-Default/CMakeFiles/CMakeTmp/CheckSymbolExists.cxx:8:19: error: ‘Q_WS_WIN’ was not declared in this scope
   return ((int*)(&Q_WS_WIN))[argc];
                   ^
make[1]: *** [CMakeFiles/cmTryCompileExec1666464799.dir/CheckSymbolExists.cxx.o] Erreur 1
make[1]: quittant le répertoire « /home/mathieu/Documents/Fac/TP/Synthese_Image/build-FSI_SplinePatch-Desktop-Default/CMakeFiles/CMakeTmp »
make: *** [cmTryCompileExec1666464799/fast] Erreur 2

File /home/mathieu/Documents/Fac/TP/Synthese_Image/build-FSI_SplinePatch-Desktop-Default/CMakeFiles/CMakeTmp/CheckSymbolExists.cxx:
/* */
#include <QtCore/qglobal.h>

int main(int argc, char** argv)
{
  (void)argv;
#ifndef Q_WS_WIN
  return ((int*)(&Q_WS_WIN))[argc];
#else
  (void)argc;
  return 0;
#endif
}

Determining if the Q_WS_QWS exist failed with the following output:
Change Dir: /home/mathieu/Documents/Fac/TP/Synthese_Image/build-FSI_SplinePatch-Desktop-Default/CMakeFiles/CMakeTmp

Run Build Command:/usr/bin/make "cmTryCompileExec2768155083/fast"
/usr/bin/make -f CMakeFiles/cmTryCompileExec2768155083.dir/build.make CMakeFiles/cmTryCompileExec2768155083.dir/build
make[1]: entrant dans le répertoire « /home/mathieu/Documents/Fac/TP/Synthese_Image/build-FSI_SplinePatch-Desktop-Default/CMakeFiles/CMakeTmp »
/usr/bin/cmake -E cmake_progress_report /home/mathieu/Documents/Fac/TP/Synthese_Image/build-FSI_SplinePatch-Desktop-Default/CMakeFiles/CMakeTmp/CMakeFiles 1
Building CXX object CMakeFiles/cmTryCompileExec2768155083.dir/CheckSymbolExists.cxx.o
/usr/bin/c++    -g -Wall -ansi -fPIC  -I/usr/include/qt4    -o CMakeFiles/cmTryCompileExec2768155083.dir/CheckSymbolExists.cxx.o -c /home/mathieu/Documents/Fac/TP/Synthese_Image/build-FSI_SplinePatch-Desktop-Default/CMakeFiles/CMakeTmp/CheckSymbolExists.cxx
/home/mathieu/Documents/Fac/TP/Synthese_Image/build-FSI_SplinePatch-Desktop-Default/CMakeFiles/CMakeTmp/CheckSymbolExists.cxx: In function ‘int main(int, char**)’:
/home/mathieu/Documents/Fac/TP/Synthese_Image/build-FSI_SplinePatch-Desktop-Default/CMakeFiles/CMakeTmp/CheckSymbolExists.cxx:8:19: error: ‘Q_WS_QWS’ was not declared in this scope
   return ((int*)(&Q_WS_QWS))[argc];
                   ^
make[1]: *** [CMakeFiles/cmTryCompileExec2768155083.dir/CheckSymbolExists.cxx.o] Erreur 1
make[1]: quittant le répertoire « /home/mathieu/Documents/Fac/TP/Synthese_Image/build-FSI_SplinePatch-Desktop-Default/CMakeFiles/CMakeTmp »
make: *** [cmTryCompileExec2768155083/fast] Erreur 2

File /home/mathieu/Documents/Fac/TP/Synthese_Image/build-FSI_SplinePatch-Desktop-Default/CMakeFiles/CMakeTmp/CheckSymbolExists.cxx:
/* */
#include <QtCore/qglobal.h>

int main(int argc, char** argv)
{
  (void)argv;
#ifndef Q_WS_QWS
  return ((int*)(&Q_WS_QWS))[argc];
#else
  (void)argc;
  return 0;
#endif
}

Determining if the Q_WS_MAC exist failed with the following output:
Change Dir: /home/mathieu/Documents/Fac/TP/Synthese_Image/build-FSI_SplinePatch-Desktop-Default/CMakeFiles/CMakeTmp

Run Build Command:/usr/bin/make "cmTryCompileExec2369210946/fast"
/usr/bin/make -f CMakeFiles/cmTryCompileExec2369210946.dir/build.make CMakeFiles/cmTryCompileExec2369210946.dir/build
make[1]: entrant dans le répertoire « /home/mathieu/Documents/Fac/TP/Synthese_Image/build-FSI_SplinePatch-Desktop-Default/CMakeFiles/CMakeTmp »
/usr/bin/cmake -E cmake_progress_report /home/mathieu/Documents/Fac/TP/Synthese_Image/build-FSI_SplinePatch-Desktop-Default/CMakeFiles/CMakeTmp/CMakeFiles 1
Building CXX object CMakeFiles/cmTryCompileExec2369210946.dir/CheckSymbolExists.cxx.o
/usr/bin/c++    -g -Wall -ansi -fPIC  -I/usr/include/qt4    -o CMakeFiles/cmTryCompileExec2369210946.dir/CheckSymbolExists.cxx.o -c /home/mathieu/Documents/Fac/TP/Synthese_Image/build-FSI_SplinePatch-Desktop-Default/CMakeFiles/CMakeTmp/CheckSymbolExists.cxx
/home/mathieu/Documents/Fac/TP/Synthese_Image/build-FSI_SplinePatch-Desktop-Default/CMakeFiles/CMakeTmp/CheckSymbolExists.cxx: In function ‘int main(int, char**)’:
/home/mathieu/Documents/Fac/TP/Synthese_Image/build-FSI_SplinePatch-Desktop-Default/CMakeFiles/CMakeTmp/CheckSymbolExists.cxx:8:19: error: ‘Q_WS_MAC’ was not declared in this scope
   return ((int*)(&Q_WS_MAC))[argc];
                   ^
make[1]: *** [CMakeFiles/cmTryCompileExec2369210946.dir/CheckSymbolExists.cxx.o] Erreur 1
make[1]: quittant le répertoire « /home/mathieu/Documents/Fac/TP/Synthese_Image/build-FSI_SplinePatch-Desktop-Default/CMakeFiles/CMakeTmp »
make: *** [cmTryCompileExec2369210946/fast] Erreur 2

File /home/mathieu/Documents/Fac/TP/Synthese_Image/build-FSI_SplinePatch-Desktop-Default/CMakeFiles/CMakeTmp/CheckSymbolExists.cxx:
/* */
#include <QtCore/qglobal.h>

int main(int argc, char** argv)
{
  (void)argv;
#ifndef Q_WS_MAC
  return ((int*)(&Q_WS_MAC))[argc];
#else
  (void)argc;
  return 0;
#endif
}

